# JRE version: Java(TM) SE Runtime Environment (8.0_151-b12) (build 1.8.0_151-b12)
# Java VM: Java HotSpot(TM) Client VM (25.151-b12 mixed mode windows-x86 )
Heap:
 def new generation   total 78656K, used 76880K [0x04800000, 0x09d50000, 0x09d50000)
  eden space 69952K,  97% used [0x04800000, 0x08a94010, 0x08c50000)
  from space 8704K, 100% used [0x08c50000, 0x094d0000, 0x094d0000)
  to   space 8704K,   0% used [0x094d0000, 0x094d0000, 0x09d50000)
 tenured generation   total 174784K, used 154891K [0x09d50000, 0x14800000, 0x14800000)
   the space 174784K,  88% used [0x09d50000, 0x13492fc0, 0x13493000, 0x14800000)
 Metaspace       used 28882K, capacity 30051K, committed 30208K, reserved 31104K
GC Heap History (10 events):
Event: 731.392 GC heap after
Heap after GC invocations=190 (full 15):
 def new generation   total 78656K, used 0K [0x04800000, 0x09d50000, 0x09d50000)
  eden space 69952K,   0% used [0x04800000, 0x04800000, 0x08c50000)
  from space 8704K,   0% used [0x094d0000, 0x094d0000, 0x09d50000)
  to   space 8704K,   0% used [0x08c50000, 0x08c50000, 0x094d0000)
 tenured generation   total 174784K, used 107188K [0x09d50000, 0x14800000, 0x14800000)
   the space 174784K,  61% used [0x09d50000, 0x105fd0d8, 0x105fd200, 0x14800000)
 Metaspace       used 28836K, capacity 29985K, committed 30080K, reserved 30080K
}
Event: 731.679 GC heap before
{Heap before GC invocations=190 (full 15):
 def new generation   total 78656K, used 69952K [0x04800000, 0x09d50000, 0x09d50000)
  eden space 69952K, 100% used [0x04800000, 0x08c50000, 0x08c50000)
  from space 8704K,   0% used [0x094d0000, 0x094d0000, 0x09d50000)
  to   space 8704K,   0% used [0x08c50000, 0x08c50000, 0x094d0000)
 tenured generation   total 174784K, used 107188K [0x09d50000, 0x14800000, 0x14800000)
   the space 174784K,  61% used [0x09d50000, 0x105fd0d8, 0x105fd200, 0x14800000)
 Metaspace       used 28836K, capacity 29985K, committed 30080K, reserved 30080K
Event: 731.754 GC heap after
Heap after GC invocations=191 (full 15):
 def new generation   total 78656K, used 8704K [0x04800000, 0x09d50000, 0x09d50000)
  eden space 69952K,   0% used [0x04800000, 0x04800000, 0x08c50000)
  from space 8704K, 100% used [0x08c50000, 0x094d0000, 0x094d0000)
  to   space 8704K,   0% used [0x094d0000, 0x094d0000, 0x09d50000)
 tenured generation   total 174784K, used 137690K [0x09d50000, 0x14800000, 0x14800000)
   the space 174784K,  78% used [0x09d50000, 0x123c6a90, 0x123c6c00, 0x14800000)
 Metaspace       used 28836K, capacity 29985K, committed 30080K, reserved 30080K
}
Event: 732.045 GC heap before
{Heap before GC invocations=191 (full 15):
 def new generation   total 78656K, used 78656K [0x04800000, 0x09d50000, 0x09d50000)
  eden space 69952K, 100% used [0x04800000, 0x08c50000, 0x08c50000)
  from space 8704K, 100% used [0x08c50000, 0x094d0000, 0x094d0000)
  to   space 8704K,   0% used [0x094d0000, 0x094d0000, 0x09d50000)
 tenured generation   total 174784K, used 137690K [0x09d50000, 0x14800000, 0x14800000)
   the space 174784K,  78% used [0x09d50000, 0x123c6a90, 0x123c6c00, 0x14800000)
 Metaspace       used 28836K, capacity 29985K, committed 30080K, reserved 30080K
Event: 732.261 GC heap after
Heap after GC invocations=192 (full 16):
 def new generation   total 78656K, used 0K [0x04800000, 0x09d50000, 0x09d50000)
  eden space 69952K,   0% used [0x04800000, 0x04800000, 0x08c50000)
  from space 8704K,   0% used [0x08c50000, 0x08c50000, 0x094d0000)
  to   space 8704K,   0% used [0x094d0000, 0x094d0000, 0x09d50000)
 tenured generation   total 174784K, used 109212K [0x09d50000, 0x14800000, 0x14800000)
   the space 174784K,  62% used [0x09d50000, 0x107f72c8, 0x107f7400, 0x14800000)
 Metaspace       used 28836K, capacity 29985K, committed 30080K, reserved 30080K
}
Event: 732.537 GC heap before
{Heap before GC invocations=192 (full 16):
 def new generation   total 78656K, used 69952K [0x04800000, 0x09d50000, 0x09d50000)
  eden space 69952K, 100% used [0x04800000, 0x08c50000, 0x08c50000)
  from space 8704K,   0% used [0x08c50000, 0x08c50000, 0x094d0000)
  to   space 8704K,   0% used [0x094d0000, 0x094d0000, 0x09d50000)
 tenured generation   total 174784K, used 109212K [0x09d50000, 0x14800000, 0x14800000)
   the space 174784K,  62% used [0x09d50000, 0x107f72c8, 0x107f7400, 0x14800000)
 Metaspace       used 28836K, capacity 29985K, committed 30080K, reserved 30080K
Event: 732.584 GC heap after
Heap after GC invocations=193 (full 16):
 def new generation   total 78656K, used 8704K [0x04800000, 0x09d50000, 0x09d50000)
  eden space 69952K,   0% used [0x04800000, 0x04800000, 0x08c50000)
  from space 8704K, 100% used [0x094d0000, 0x09d50000, 0x09d50000)
  to   space 8704K,   0% used [0x08c50000, 0x08c50000, 0x094d0000)
 tenured generation   total 174784K, used 129187K [0x09d50000, 0x14800000, 0x14800000)
   the space 174784K,  73% used [0x09d50000, 0x11b78d70, 0x11b78e00, 0x14800000)
 Metaspace       used 28836K, capacity 29985K, committed 30080K, reserved 30080K
}
Event: 742.174 GC heap before
{Heap before GC invocations=193 (full 16):
 def new generation   total 78656K, used 78656K [0x04800000, 0x09d50000, 0x09d50000)
  eden space 69952K, 100% used [0x04800000, 0x08c50000, 0x08c50000)
  from space 8704K, 100% used [0x094d0000, 0x09d50000, 0x09d50000)
  to   space 8704K,   0% used [0x08c50000, 0x08c50000, 0x094d0000)
 tenured generation   total 174784K, used 129187K [0x09d50000, 0x14800000, 0x14800000)
   the space 174784K,  73% used [0x09d50000, 0x11b78d70, 0x11b78e00, 0x14800000)
 Metaspace       used 28836K, capacity 29985K, committed 30080K, reserved 30080K
Event: 742.282 GC heap after
Heap after GC invocations=194 (full 16):
 def new generation   total 78656K, used 8704K [0x04800000, 0x09d50000, 0x09d50000)
  eden space 69952K,   0% used [0x04800000, 0x04800000, 0x08c50000)
  from space 8704K, 100% used [0x08c50000, 0x094d0000, 0x094d0000)
  to   space 8704K,   0% used [0x094d0000, 0x094d0000, 0x09d50000)
 tenured generation   total 174784K, used 154891K [0x09d50000, 0x14800000, 0x14800000)
   the space 174784K,  88% used [0x09d50000, 0x13492fc0, 0x13493000, 0x14800000)
 Metaspace       used 28836K, capacity 29985K, committed 30080K, reserved 30080K
}
Event: 942.902 GC heap before
{Heap before GC invocations=194 (full 16):
 def new generation   total 78656K, used 76880K [0x04800000, 0x09d50000, 0x09d50000)
  eden space 69952K,  97% used [0x04800000, 0x08a94010, 0x08c50000)
  from space 8704K, 100% used [0x08c50000, 0x094d0000, 0x094d0000)
  to   space 8704K,   0% used [0x094d0000, 0x094d0000, 0x09d50000)
 tenured generation   total 174784K, used 154891K [0x09d50000, 0x14800000, 0x14800000)
   the space 174784K,  88% used [0x09d50000, 0x13492fc0, 0x13493000, 0x14800000)
 Metaspace       used 28882K, capacity 30051K, committed 30208K, reserved 31104K

